<?xml version="1.0" encoding="UTF-8"?>
<!-- Generated by org.testng.reporters.JUnitXMLReporter -->
<testsuite ignored="0" hostname="testengineer" failures="0" tests="21" name="Command line test" time="0.139" errors="0" timestamp="2024-04-02T21:47:55 EDT">
  <testcase classname="com.tat.JavaQuesTest" name="Test2" time="0.002"/>
  <testcase classname="com.tat.JavaQuesTest" name="Test3" time="0.0"/>
  <testcase classname="com.tat.JavaQuesTest" name="Test4" time="0.0"/>
  <testcase classname="com.tat.JavaQuesTest" name="Test5" time="0.001"/>
  <testcase classname="com.tat.MainTest" name="TC01_testComplexFinancialMethod_bothNumbersMoreThan100" time="0.001"/>
  <testcase classname="com.tat.MainTest" name="TC02_testComplexFinancialMethod_bothNumbersLessThan100MoreThan0" time="0.001"/>
  <testcase classname="com.tat.MainTest" name="TC03_testComplexFinancialMethod" time="0.0"/>
  <testcase classname="com.tat.MainTest" name="TC04_testComplexFinancialMethod_oneNegativeOnePositive" time="0.0"/>
  <testcase classname="com.tat.MainTest" name="TC05_testComplexFinancialMethod_bothNegative" time="0.0"/>
  <testcase classname="com.tat.JavaQuesTest" name="testCheckIn7090" time="0.003"/>
  <testcase classname="com.tat.JavaQuesTest" name="testCheckIn7090" time="0.0"/>
  <testcase classname="com.tat.JavaQuesTest" name="testCheckIn7090" time="0.0"/>
  <testcase classname="com.tat.JavaQuesTest" name="testCheckIn7090" time="0.001"/>
  <testcase classname="com.tat.JavaQuesTest" name="testCheckIn7090" time="0.001"/>
  <testcase classname="com.tat.JavaQuesTest" name="testCheckIn7090" time="0.0"/>
  <testcase classname="com.tat.JavaQuesTest" name="testCheckIn7090" time="0.0"/>
  <testcase classname="com.tat.JavaQuesTest" name="testCheckIn7090" time="0.001"/>
  <testcase classname="com.tat.JavaQuesTest" name="testCheckIn7090" time="0.001"/>
  <testcase classname="com.tat.JavaQuesTest" name="testCheckIn7090" time="0.001"/>
  <testcase classname="com.tat.JavaQuesTest" name="testCheckIn7090" time="0.001"/>
  <testcase classname="com.tat.JavaQuesTest" name="testCheckIn7090" time="0.001"/>
</testsuite> <!-- Command line test -->
