<?xml version="1.0" encoding="UTF-8"?>
<!-- Generated by org.testng.reporters.JUnitXMLReporter -->
<testsuite ignored="0" hostname="testengineer" failures="0" tests="5" name="Command line test" time="0.061" errors="0" timestamp="2024-03-28T21:58:12 EDT">
  <testcase classname="com.tat.MainTest" name="TC01_testComplexFinancialMethod_bothNumbersMoreThan100" time="0.005"/>
  <testcase classname="com.tat.MainTest" name="TC02_testComplexFinancialMethod_bothNumbersLessThan100MoreThan0" time="0.0"/>
  <testcase classname="com.tat.MainTest" name="TC03_testComplexFinancialMethod" time="0.001"/>
  <testcase classname="com.tat.MainTest" name="TC04_testComplexFinancialMethod_oneNegativeOnePositive" time="0.0"/>
  <testcase classname="com.tat.MainTest" name="TC05_testComplexFinancialMethod_bothNegative" time="0.001"/>
</testsuite> <!-- Command line test -->
