<?xml version="1.0" encoding="UTF-8"?>
<testng-results ignored="0" total="4" passed="4" failed="0" skipped="0">
  <reporter-output>
  </reporter-output>
  <suite started-at="2024-04-09T21:25:39 EDT" name="All Test Suite" finished-at="2024-04-09T21:25:51 EDT" duration-ms="12164">
    <groups>
    </groups>
    <test started-at="2024-04-09T21:25:39 EDT" name="TestNG Tests" finished-at="2024-04-09T21:25:51 EDT" duration-ms="12164">
      <class name="funtional.UiTest">
        <test-method is-config="true" signature="Setup()[pri:0, instance:funtional.UiTest@76508ed1]" started-at="2024-04-09T21:25:39 EDT" name="Setup" finished-at="2024-04-09T21:25:48 EDT" duration-ms="8823" status="PASS">
          <reporter-output>
          </reporter-output>
        </test-method> <!-- Setup -->
        <test-method signature="ReadProps()[pri:0, instance:funtional.UiTest@76508ed1]" started-at="2024-04-09T21:25:48 EDT" name="ReadProps" finished-at="2024-04-09T21:25:48 EDT" duration-ms="1" status="PASS">
          <reporter-output>
          </reporter-output>
        </test-method> <!-- ReadProps -->
        <test-method signature="TestCheckbox()[pri:0, instance:funtional.UiTest@76508ed1]" started-at="2024-04-09T21:25:48 EDT" name="TestCheckbox" finished-at="2024-04-09T21:25:48 EDT" duration-ms="112" status="PASS">
          <reporter-output>
          </reporter-output>
        </test-method> <!-- TestCheckbox -->
        <test-method signature="TestOtherThings()[pri:0, instance:funtional.UiTest@76508ed1]" started-at="2024-04-09T21:25:48 EDT" name="TestOtherThings" finished-at="2024-04-09T21:25:48 EDT" duration-ms="1" status="PASS">
          <reporter-output>
          </reporter-output>
        </test-method> <!-- TestOtherThings -->
        <test-method signature="TestRadio()[pri:0, instance:funtional.UiTest@76508ed1]" started-at="2024-04-09T21:25:48 EDT" name="TestRadio" finished-at="2024-04-09T21:25:48 EDT" duration-ms="87" status="PASS">
          <reporter-output>
          </reporter-output>
        </test-method> <!-- TestRadio -->
        <test-method is-config="true" signature="TearDown()[pri:0, instance:funtional.UiTest@76508ed1]" started-at="2024-04-09T21:25:48 EDT" name="TearDown" finished-at="2024-04-09T21:25:51 EDT" duration-ms="3094" status="PASS">
          <reporter-output>
          </reporter-output>
        </test-method> <!-- TearDown -->
      </class> <!-- funtional.UiTest -->
    </test> <!-- TestNG Tests -->
  </suite> <!-- All Test Suite -->
</testng-results>
