<?xml version="1.0" encoding="UTF-8"?>
<!-- Generated by org.testng.reporters.JUnitXMLReporter -->
<testsuite ignored="1" hostname="testengineer" failures="0" tests="3" name="Chrome Tests" time="12.095" errors="0" timestamp="2024-04-09T23:16:10 EDT">
  <testcase classname="funtional.UiTest" name="ReadProps" time="0.002"/>
  <testcase classname="funtional.UiTest" name="TestCheckbox" time="0.09"/>
  <testcase classname="funtional.UiTest" name="TestRadio" time="0.075"/>
  <testcase classname="funtional.UiTest" name="TestOtherThings" time="0.0">
    <ignored/>
  </testcase> <!-- TestOtherThings -->
</testsuite> <!-- Chrome Tests -->
