<?xml version="1.0" encoding="UTF-8"?>
<!-- Generated by org.testng.reporters.JUnitXMLReporter -->
<testsuite ignored="3" hostname="testengineer" failures="0" tests="4" name="TestNG Tests" time="12.995" errors="0" timestamp="2024-04-02T22:04:04 EDT">
  <testcase classname="com.tat.JavaQuesTest" name="Test4" time="2.755"/>
  <testcase classname="com.tat.JavaQuesTest" name="Test5" time="2.117"/>
  <testcase classname="com.tat.JavaQuesTest" name="Test6" time="4.302"/>
  <testcase classname="com.tat.JavaQuesTest" name="Test7" time="3.771"/>
  <testcase classname="com.tat.JavaQuesTest" name="testCheckIn7090" time="0.0">
    <ignored/>
  </testcase> <!-- testCheckIn7090 -->
  <testcase classname="com.tat.JavaQuesTest" name="Test3" time="0.0">
    <ignored/>
  </testcase> <!-- Test3 -->
  <testcase classname="com.tat.JavaQuesTest" name="Test2" time="0.0">
    <ignored/>
  </testcase> <!-- Test2 -->
</testsuite> <!-- TestNG Tests -->
