<?xml version="1.0" encoding="UTF-8"?>
<!-- Generated by org.testng.reporters.JUnitXMLReporter -->
<testsuite ignored="0" hostname="testengineer" failures="0" tests="4" name="TestNG Tests" time="12.164" errors="0" timestamp="2024-04-09T21:25:51 EDT">
  <testcase classname="funtional.UiTest" name="ReadProps" time="0.001"/>
  <testcase classname="funtional.UiTest" name="TestCheckbox" time="0.112"/>
  <testcase classname="funtional.UiTest" name="TestOtherThings" time="0.001"/>
  <testcase classname="funtional.UiTest" name="TestRadio" time="0.087"/>
</testsuite> <!-- TestNG Tests -->
